<?xml version="1.0" encoding="UTF-8"?>
<!-- Generated by org.testng.reporters.JUnitReportReporter -->
<testsuite hostname="D-VOSTRO" failures="0" tests="1" name="testcase.TC002_loginTest" time="2.345" errors="0" timestamp="2024-08-29T11:40:17 IST" skipped="0">
  <testcase classname="testcase.TC002_loginTest" name="verify_login" time="2.345"/>
</testsuite> <!-- testcase.TC002_loginTest -->
