<?xml version="1.0" encoding="UTF-8"?>
<!-- Generated by org.testng.reporters.JUnitReportReporter -->
<testsuite hostname="D-VOSTRO" failures="0" tests="2" name="testcase.TC001_AccountRegistrationTest" time="7.894" errors="0" timestamp="2024-08-21T17:38:01 IST" skipped="0">
  <testcase classname="testcase.TC001_AccountRegistrationTest" name="verify_account_registration" time="3.981"/>
  <testcase classname="testcase.TC001_AccountRegistrationTest" name="verify_account_registration" time="3.913"/>
</testsuite> <!-- testcase.TC001_AccountRegistrationTest -->
